<?xml version="1.0" encoding="UTF-8"?>
<testng-results ignored="0" total="1" passed="1" failed="0" skipped="0">
  <reporter-output>
  </reporter-output>
  <suite started-at="2022-06-11T07:30:44 IST" name="Default suite" finished-at="2022-06-11T07:30:55 IST" duration-ms="10648">
    <groups>
    </groups>
    <test started-at="2022-06-11T07:30:44 IST" name="Default test" finished-at="2022-06-11T07:30:55 IST" duration-ms="10648">
      <class name="com.Banking.TestCases.TC001_LoginTest">
        <test-method is-config="true" signature="setUp()[pri:0, instance:com.Banking.TestCases.TC001_LoginTest@5fbdfdcf]" started-at="2022-06-11T07:30:44 IST" name="setUp" finished-at="2022-06-11T07:30:54 IST" duration-ms="10529" status="PASS">
          <reporter-output>
          </reporter-output>
        </test-method> <!-- setUp -->
        <test-method signature="loginTest()[pri:0, instance:com.Banking.TestCases.TC001_LoginTest@5fbdfdcf]" started-at="2022-06-11T07:30:54 IST" name="loginTest" finished-at="2022-06-11T07:30:54 IST" duration-ms="9" status="PASS">
          <reporter-output>
          </reporter-output>
        </test-method> <!-- loginTest -->
        <test-method is-config="true" signature="tearDown()[pri:0, instance:com.Banking.TestCases.TC001_LoginTest@5fbdfdcf]" started-at="2022-06-11T07:30:54 IST" name="tearDown" finished-at="2022-06-11T07:30:55 IST" duration-ms="80" status="PASS">
          <reporter-output>
          </reporter-output>
        </test-method> <!-- tearDown -->
      </class> <!-- com.Banking.TestCases.TC001_LoginTest -->
    </test> <!-- Default test -->
  </suite> <!-- Default suite -->
</testng-results>
